{"/Users/RockieGuo/Documents/GIT/rk-config/index.js":{"path":"/Users/RockieGuo/Documents/GIT/rk-config/index.js","s":{"1":1,"2":1,"3":1},"b":{},"f":{},"fnMap":{},"statementMap":{"1":{"start":{"line":3,"column":0},"end":{"line":3,"column":44}},"2":{"start":{"line":4,"column":0},"end":{"line":4,"column":68}},"3":{"start":{"line":5,"column":0},"end":{"line":5,"column":64}}},"branchMap":{}},"/Users/RockieGuo/Documents/GIT/rk-config/lib/config.js":{"path":"/Users/RockieGuo/Documents/GIT/rk-config/lib/config.js","s":{"1":1,"2":1,"3":1,"4":1,"5":1,"6":1,"7":4,"8":4,"9":6,"10":6,"11":6,"12":6,"13":1,"14":1,"15":1,"16":1,"17":27,"18":5,"19":22,"20":1,"21":21,"22":6,"23":6,"24":1,"25":40,"26":27,"27":13,"28":13,"29":6,"30":6,"31":19,"32":19,"33":18,"34":37,"35":37,"36":1,"37":1,"38":1,"39":3,"40":0,"41":0,"42":19,"43":1,"44":1,"45":1},"b":{"1":[5,22],"2":[1,21],"3":[27,13],"4":[13,0],"5":[13,1],"6":[18,1],"7":[37,0],"8":[1,0]},"f":{"1":4,"2":6,"3":1,"4":27,"5":6,"6":40},"fnMap":{"1":{"name":"(anonymous_1)","line":25,"loc":{"start":{"line":25,"column":15},"end":{"line":25,"column":32}}},"2":{"name":"(anonymous_2)","line":45,"loc":{"start":{"line":45,"column":8},"end":{"line":45,"column":20}}},"3":{"name":"(anonymous_3)","line":58,"loc":{"start":{"line":58,"column":10},"end":{"line":58,"column":22}}},"4":{"name":"(anonymous_4)","line":73,"loc":{"start":{"line":73,"column":36},"end":{"line":73,"column":65}}},"5":{"name":"(anonymous_5)","line":88,"loc":{"start":{"line":88,"column":22},"end":{"line":88,"column":39}}},"6":{"name":"interpolateElement","line":93,"loc":{"start":{"line":93,"column":8},"end":{"line":93,"column":52}}}},"statementMap":{"1":{"start":{"line":3,"column":0},"end":{"line":3,"column":25}},"2":{"start":{"line":4,"column":0},"end":{"line":4,"column":33}},"3":{"start":{"line":5,"column":0},"end":{"line":5,"column":39}},"4":{"start":{"line":6,"column":0},"end":{"line":6,"column":17}},"5":{"start":{"line":8,"column":0},"end":{"line":8,"column":32}},"6":{"start":{"line":9,"column":0},"end":{"line":9,"column":30}},"7":{"start":{"line":31,"column":8},"end":{"line":31,"column":39}},"8":{"start":{"line":38,"column":8},"end":{"line":38,"column":30}},"9":{"start":{"line":46,"column":8},"end":{"line":51,"column":11}},"10":{"start":{"line":47,"column":12},"end":{"line":47,"column":28}},"11":{"start":{"line":49,"column":12},"end":{"line":49,"column":53}},"12":{"start":{"line":50,"column":12},"end":{"line":50,"column":46}},"13":{"start":{"line":59,"column":8},"end":{"line":59,"column":32}},"14":{"start":{"line":61,"column":8},"end":{"line":64,"column":11}},"15":{"start":{"line":62,"column":12},"end":{"line":62,"column":59}},"16":{"start":{"line":63,"column":12},"end":{"line":63,"column":46}},"17":{"start":{"line":74,"column":8},"end":{"line":78,"column":9}},"18":{"start":{"line":75,"column":12},"end":{"line":75,"column":99}},"19":{"start":{"line":76,"column":15},"end":{"line":78,"column":9}},"20":{"start":{"line":77,"column":12},"end":{"line":77,"column":89}},"21":{"start":{"line":80,"column":8},"end":{"line":80,"column":22}},"22":{"start":{"line":89,"column":8},"end":{"line":89,"column":52}},"23":{"start":{"line":91,"column":8},"end":{"line":91,"column":28}},"24":{"start":{"line":93,"column":8},"end":{"line":99,"column":9}},"25":{"start":{"line":94,"column":12},"end":{"line":98,"column":13}},"26":{"start":{"line":95,"column":16},"end":{"line":95,"column":86}},"27":{"start":{"line":96,"column":19},"end":{"line":98,"column":13}},"28":{"start":{"line":97,"column":16},"end":{"line":97,"column":32}},"29":{"start":{"line":101,"column":8},"end":{"line":101,"column":23}},"30":{"start":{"line":103,"column":8},"end":{"line":122,"column":9}},"31":{"start":{"line":104,"column":12},"end":{"line":104,"column":37}},"32":{"start":{"line":106,"column":12},"end":{"line":119,"column":13}},"33":{"start":{"line":107,"column":16},"end":{"line":111,"column":17}},"34":{"start":{"line":108,"column":20},"end":{"line":110,"column":21}},"35":{"start":{"line":109,"column":24},"end":{"line":109,"column":65}},"36":{"start":{"line":112,"column":19},"end":{"line":119,"column":13}},"37":{"start":{"line":113,"column":16},"end":{"line":113,"column":36}},"38":{"start":{"line":114,"column":16},"end":{"line":116,"column":17}},"39":{"start":{"line":115,"column":20},"end":{"line":115,"column":57}},"40":{"start":{"line":118,"column":16},"end":{"line":118,"column":64}},"41":{"start":{"line":118,"column":36},"end":{"line":118,"column":41}},"42":{"start":{"line":121,"column":12},"end":{"line":121,"column":21}},"43":{"start":{"line":126,"column":0},"end":{"line":126,"column":39}},"44":{"start":{"line":127,"column":0},"end":{"line":127,"column":33}},"45":{"start":{"line":129,"column":0},"end":{"line":129,"column":24}}},"branchMap":{"1":{"line":74,"type":"if","locations":[{"start":{"line":74,"column":8},"end":{"line":74,"column":8}},{"start":{"line":74,"column":8},"end":{"line":74,"column":8}}]},"2":{"line":76,"type":"if","locations":[{"start":{"line":76,"column":15},"end":{"line":76,"column":15}},{"start":{"line":76,"column":15},"end":{"line":76,"column":15}}]},"3":{"line":94,"type":"if","locations":[{"start":{"line":94,"column":12},"end":{"line":94,"column":12}},{"start":{"line":94,"column":12},"end":{"line":94,"column":12}}]},"4":{"line":96,"type":"if","locations":[{"start":{"line":96,"column":19},"end":{"line":96,"column":19}},{"start":{"line":96,"column":19},"end":{"line":96,"column":19}}]},"5":{"line":96,"type":"binary-expr","locations":[{"start":{"line":96,"column":23},"end":{"line":96,"column":43}},{"start":{"line":96,"column":47},"end":{"line":96,"column":61}}]},"6":{"line":106,"type":"if","locations":[{"start":{"line":106,"column":12},"end":{"line":106,"column":12}},{"start":{"line":106,"column":12},"end":{"line":106,"column":12}}]},"7":{"line":108,"type":"if","locations":[{"start":{"line":108,"column":20},"end":{"line":108,"column":20}},{"start":{"line":108,"column":20},"end":{"line":108,"column":20}}]},"8":{"line":112,"type":"if","locations":[{"start":{"line":112,"column":19},"end":{"line":112,"column":19}},{"start":{"line":112,"column":19},"end":{"line":112,"column":19}}]}}},"/Users/RockieGuo/Documents/GIT/rk-config/lib/fileConfigProvider.js":{"path":"/Users/RockieGuo/Documents/GIT/rk-config/lib/fileConfigProvider.js","s":{"1":1,"2":1,"3":1,"4":1,"5":5,"6":5,"7":5,"8":0,"9":0,"10":5,"11":5,"12":5,"13":7,"14":5,"15":7,"16":5,"17":10,"18":5,"19":5,"20":4,"21":5,"22":5,"23":6,"24":6,"25":6,"26":1,"27":6,"28":6,"29":6,"30":6,"31":2,"32":2,"33":2,"34":1,"35":2,"36":2,"37":2,"38":1},"b":{"1":[0,5],"2":[5,0],"3":[5,3,3],"4":[5,4],"5":[5,4],"6":[5,4],"7":[5,4],"8":[9,1],"9":[5,4]},"f":{"1":5,"2":7,"3":7,"4":10,"5":4,"6":6,"7":6,"8":2,"9":2},"fnMap":{"1":{"name":"(anonymous_1)","line":21,"loc":{"start":{"line":21,"column":15},"end":{"line":21,"column":52}}},"2":{"name":"(anonymous_2)","line":34,"loc":{"start":{"line":34,"column":52},"end":{"line":34,"column":72}}},"3":{"name":"(anonymous_3)","line":38,"loc":{"start":{"line":38,"column":60},"end":{"line":38,"column":89}}},"4":{"name":"(anonymous_4)","line":42,"loc":{"start":{"line":42,"column":42},"end":{"line":42,"column":63}}},"5":{"name":"(anonymous_5)","line":48,"loc":{"start":{"line":48,"column":44},"end":{"line":48,"column":74}}},"6":{"name":"(anonymous_6)","line":71,"loc":{"start":{"line":71,"column":8},"end":{"line":71,"column":11}}},"7":{"name":"readFiles","line":76,"loc":{"start":{"line":76,"column":8},"end":{"line":76,"column":30}}},"8":{"name":"(anonymous_8)","line":90,"loc":{"start":{"line":90,"column":8},"end":{"line":90,"column":11}}},"9":{"name":"writeFiles","line":95,"loc":{"start":{"line":95,"column":8},"end":{"line":95,"column":31}}}},"statementMap":{"1":{"start":{"line":3,"column":0},"end":{"line":3,"column":29}},"2":{"start":{"line":4,"column":0},"end":{"line":4,"column":33}},"3":{"start":{"line":5,"column":0},"end":{"line":5,"column":17}},"4":{"start":{"line":6,"column":0},"end":{"line":6,"column":19}},"5":{"start":{"line":22,"column":8},"end":{"line":22,"column":36}},"6":{"start":{"line":23,"column":8},"end":{"line":23,"column":34}},"7":{"start":{"line":25,"column":8},"end":{"line":28,"column":9}},"8":{"start":{"line":26,"column":12},"end":{"line":26,"column":27}},"9":{"start":{"line":27,"column":12},"end":{"line":27,"column":32}},"10":{"start":{"line":30,"column":8},"end":{"line":30,"column":73}},"11":{"start":{"line":32,"column":8},"end":{"line":32,"column":28}},"12":{"start":{"line":34,"column":8},"end":{"line":36,"column":10}},"13":{"start":{"line":35,"column":12},"end":{"line":35,"column":46}},"14":{"start":{"line":38,"column":8},"end":{"line":40,"column":10}},"15":{"start":{"line":39,"column":12},"end":{"line":39,"column":54}},"16":{"start":{"line":42,"column":8},"end":{"line":44,"column":14}},"17":{"start":{"line":43,"column":16},"end":{"line":43,"column":92}},"18":{"start":{"line":46,"column":8},"end":{"line":46,"column":41}},"19":{"start":{"line":48,"column":8},"end":{"line":50,"column":14}},"20":{"start":{"line":49,"column":16},"end":{"line":49,"column":69}},"21":{"start":{"line":57,"column":8},"end":{"line":57,"column":35}},"22":{"start":{"line":64,"column":8},"end":{"line":64,"column":34}},"23":{"start":{"line":72,"column":8},"end":{"line":72,"column":93}},"24":{"start":{"line":73,"column":8},"end":{"line":73,"column":108}},"25":{"start":{"line":74,"column":8},"end":{"line":74,"column":24}},"26":{"start":{"line":76,"column":8},"end":{"line":81,"column":9}},"27":{"start":{"line":77,"column":12},"end":{"line":77,"column":66}},"28":{"start":{"line":78,"column":12},"end":{"line":78,"column":61}},"29":{"start":{"line":80,"column":12},"end":{"line":80,"column":69}},"30":{"start":{"line":83,"column":8},"end":{"line":83,"column":34}},"31":{"start":{"line":91,"column":8},"end":{"line":91,"column":93}},"32":{"start":{"line":92,"column":8},"end":{"line":92,"column":108}},"33":{"start":{"line":93,"column":8},"end":{"line":93,"column":24}},"34":{"start":{"line":95,"column":8},"end":{"line":98,"column":9}},"35":{"start":{"line":96,"column":12},"end":{"line":96,"column":66}},"36":{"start":{"line":97,"column":12},"end":{"line":97,"column":61}},"37":{"start":{"line":100,"column":8},"end":{"line":100,"column":35}},"38":{"start":{"line":104,"column":0},"end":{"line":104,"column":36}}},"branchMap":{"1":{"line":25,"type":"if","locations":[{"start":{"line":25,"column":8},"end":{"line":25,"column":8}},{"start":{"line":25,"column":8},"end":{"line":25,"column":8}}]},"2":{"line":25,"type":"binary-expr","locations":[{"start":{"line":25,"column":12},"end":{"line":25,"column":39}},{"start":{"line":25,"column":43},"end":{"line":25,"column":70}}]},"3":{"line":30,"type":"binary-expr","locations":[{"start":{"line":30,"column":24},"end":{"line":30,"column":31}},{"start":{"line":30,"column":35},"end":{"line":30,"column":55}},{"start":{"line":30,"column":59},"end":{"line":30,"column":72}}]},"4":{"line":32,"type":"binary-expr","locations":[{"start":{"line":32,"column":8},"end":{"line":32,"column":12}},{"start":{"line":32,"column":17},"end":{"line":32,"column":26}}]},"5":{"line":34,"type":"binary-expr","locations":[{"start":{"line":34,"column":30},"end":{"line":34,"column":48}},{"start":{"line":34,"column":52},"end":{"line":36,"column":9}}]},"6":{"line":38,"type":"binary-expr","locations":[{"start":{"line":38,"column":34},"end":{"line":38,"column":56}},{"start":{"line":38,"column":60},"end":{"line":40,"column":9}}]},"7":{"line":42,"type":"binary-expr","locations":[{"start":{"line":42,"column":25},"end":{"line":42,"column":38}},{"start":{"line":42,"column":42},"end":{"line":44,"column":13}}]},"8":{"line":43,"type":"cond-expr","locations":[{"start":{"line":43,"column":58},"end":{"line":43,"column":85}},{"start":{"line":43,"column":89},"end":{"line":43,"column":91}}]},"9":{"line":48,"type":"binary-expr","locations":[{"start":{"line":48,"column":26},"end":{"line":48,"column":40}},{"start":{"line":48,"column":44},"end":{"line":50,"column":13}}]}}},"/Users/RockieGuo/Documents/GIT/rk-config/lib/jsConfigProvider.js":{"path":"/Users/RockieGuo/Documents/GIT/rk-config/lib/jsConfigProvider.js","s":{"1":1,"2":1,"3":1,"4":1,"5":1,"6":1,"7":1,"8":2,"9":0,"10":1},"b":{"1":[2,0]},"f":{"1":1,"2":1,"3":1,"4":2,"5":0},"fnMap":{"1":{"name":"(anonymous_1)","line":10,"loc":{"start":{"line":10,"column":15},"end":{"line":10,"column":46}}},"2":{"name":"(anonymous_2)","line":12,"loc":{"start":{"line":12,"column":27},"end":{"line":12,"column":47}}},"3":{"name":"(anonymous_3)","line":16,"loc":{"start":{"line":16,"column":31},"end":{"line":16,"column":60}}},"4":{"name":"(anonymous_4)","line":20,"loc":{"start":{"line":20,"column":22},"end":{"line":20,"column":43}}},"5":{"name":"(anonymous_5)","line":24,"loc":{"start":{"line":24,"column":23},"end":{"line":24,"column":53}}}},"statementMap":{"1":{"start":{"line":3,"column":0},"end":{"line":3,"column":33}},"2":{"start":{"line":4,"column":0},"end":{"line":4,"column":17}},"3":{"start":{"line":5,"column":0},"end":{"line":5,"column":19}},"4":{"start":{"line":7,"column":0},"end":{"line":7,"column":62}},"5":{"start":{"line":11,"column":8},"end":{"line":27,"column":11}},"6":{"start":{"line":13,"column":16},"end":{"line":13,"column":48}},"7":{"start":{"line":17,"column":16},"end":{"line":17,"column":56}},"8":{"start":{"line":21,"column":16},"end":{"line":21,"column":90}},"9":{"start":{"line":25,"column":16},"end":{"line":25,"column":55}},"10":{"start":{"line":31,"column":0},"end":{"line":31,"column":34}}},"branchMap":{"1":{"line":21,"type":"cond-expr","locations":[{"start":{"line":21,"column":58},"end":{"line":21,"column":83}},{"start":{"line":21,"column":87},"end":{"line":21,"column":89}}]}}}}