TN:
SF:/Users/RockieGuo/Documents/GIT/rk-config/index.js
FNF:0
FNH:0
DA:3,1
DA:4,1
DA:5,1
LF:3
LH:3
BRF:0
BRH:0
end_of_record
TN:
SF:/Users/RockieGuo/Documents/GIT/rk-config/lib/config.js
FN:25,(anonymous_1)
FN:45,(anonymous_2)
FN:58,(anonymous_3)
FN:73,(anonymous_4)
FN:88,(anonymous_5)
FN:93,interpolateElement
FNF:6
FNH:6
FNDA:4,(anonymous_1)
FNDA:6,(anonymous_2)
FNDA:1,(anonymous_3)
FNDA:27,(anonymous_4)
FNDA:6,(anonymous_5)
FNDA:40,interpolateElement
DA:3,1
DA:4,1
DA:5,1
DA:6,1
DA:8,1
DA:9,1
DA:31,4
DA:38,4
DA:46,6
DA:47,6
DA:49,6
DA:50,6
DA:59,1
DA:61,1
DA:62,1
DA:63,1
DA:74,27
DA:75,5
DA:76,22
DA:77,1
DA:80,21
DA:89,6
DA:91,6
DA:93,1
DA:94,40
DA:95,27
DA:96,13
DA:97,13
DA:101,6
DA:103,6
DA:104,19
DA:106,19
DA:107,18
DA:108,37
DA:109,37
DA:112,1
DA:113,1
DA:114,1
DA:115,3
DA:118,0
DA:121,19
DA:126,1
DA:127,1
DA:129,1
LF:44
LH:43
BRDA:74,1,0,5
BRDA:74,1,1,22
BRDA:76,2,0,1
BRDA:76,2,1,21
BRDA:94,3,0,27
BRDA:94,3,1,13
BRDA:96,4,0,13
BRDA:96,4,1,0
BRDA:96,5,0,13
BRDA:96,5,1,1
BRDA:106,6,0,18
BRDA:106,6,1,1
BRDA:108,7,0,37
BRDA:108,7,1,0
BRDA:112,8,0,1
BRDA:112,8,1,0
BRF:16
BRH:13
end_of_record
TN:
SF:/Users/RockieGuo/Documents/GIT/rk-config/lib/fileConfigProvider.js
FN:21,(anonymous_1)
FN:34,(anonymous_2)
FN:38,(anonymous_3)
FN:42,(anonymous_4)
FN:48,(anonymous_5)
FN:71,(anonymous_6)
FN:76,readFiles
FN:90,(anonymous_8)
FN:95,writeFiles
FNF:9
FNH:9
FNDA:5,(anonymous_1)
FNDA:7,(anonymous_2)
FNDA:7,(anonymous_3)
FNDA:10,(anonymous_4)
FNDA:4,(anonymous_5)
FNDA:6,(anonymous_6)
FNDA:6,readFiles
FNDA:2,(anonymous_8)
FNDA:2,writeFiles
DA:3,1
DA:4,1
DA:5,1
DA:6,1
DA:22,5
DA:23,5
DA:25,5
DA:26,0
DA:27,0
DA:30,5
DA:32,5
DA:34,5
DA:35,7
DA:38,5
DA:39,7
DA:42,5
DA:43,10
DA:46,5
DA:48,5
DA:49,4
DA:57,5
DA:64,5
DA:72,6
DA:73,6
DA:74,6
DA:76,1
DA:77,6
DA:78,6
DA:80,6
DA:83,6
DA:91,2
DA:92,2
DA:93,2
DA:95,1
DA:96,2
DA:97,2
DA:100,2
DA:104,1
LF:38
LH:36
BRDA:25,1,0,0
BRDA:25,1,1,5
BRDA:25,2,0,5
BRDA:25,2,1,0
BRDA:30,3,0,5
BRDA:30,3,1,3
BRDA:30,3,2,3
BRDA:32,4,0,5
BRDA:32,4,1,4
BRDA:34,5,0,5
BRDA:34,5,1,4
BRDA:38,6,0,5
BRDA:38,6,1,4
BRDA:42,7,0,5
BRDA:42,7,1,4
BRDA:43,8,0,9
BRDA:43,8,1,1
BRDA:48,9,0,5
BRDA:48,9,1,4
BRF:19
BRH:17
end_of_record
TN:
SF:/Users/RockieGuo/Documents/GIT/rk-config/lib/jsConfigProvider.js
FN:10,(anonymous_1)
FN:12,(anonymous_2)
FN:16,(anonymous_3)
FN:20,(anonymous_4)
FN:24,(anonymous_5)
FNF:5
FNH:4
FNDA:1,(anonymous_1)
FNDA:1,(anonymous_2)
FNDA:1,(anonymous_3)
FNDA:2,(anonymous_4)
FNDA:0,(anonymous_5)
DA:3,1
DA:4,1
DA:5,1
DA:7,1
DA:11,1
DA:13,1
DA:17,1
DA:21,2
DA:25,0
DA:31,1
LF:10
LH:9
BRDA:21,1,0,2
BRDA:21,1,1,0
BRF:2
BRH:1
end_of_record
